{
  "C:\\Users\\yabsr\\Desktop\\Experiments\\next-food-ordering\\components\\Footer.jsx": {
    "path": "C:\\Users\\yabsr\\Desktop\\Experiments\\next-food-ordering\\components\\Footer.jsx",
    "statementMap": {
      "0": {
        "start": {
          "line": 4,
          "column": 15
        },
        "end": {
          "line": 53,
          "column": 1
        }
      },
      "1": {
        "start": {
          "line": 5,
          "column": 2
        },
        "end": {
          "line": 52,
          "column": 4
        }
      }
    },
    "fnMap": {
      "0": {
        "name": "(anonymous_0)",
        "decl": {
          "start": {
            "line": 4,
            "column": 15
          },
          "end": {
            "line": 4,
            "column": 16
          }
        },
        "loc": {
          "start": {
            "line": 4,
            "column": 21
          },
          "end": {
            "line": 53,
            "column": 1
          }
        },
        "line": 4
      }
    },
    "branchMap": {},
    "s": {
      "0": 79,
      "1": 154
    },
    "f": {
      "0": 154
    },
    "b": {},
    "_coverageSchema": "1a1c01bbd47fc00a2c39e90264f33305004495a9",
    "hash": "ee8a276f0738b5368f1135b24ccd47fa9a420dee"
  },
  "C:\\Users\\yabsr\\Desktop\\Experiments\\next-food-ordering\\components\\Navbar.jsx": {
    "path": "C:\\Users\\yabsr\\Desktop\\Experiments\\next-food-ordering\\components\\Navbar.jsx",
    "statementMap": {
      "0": {
        "start": {
          "line": 6,
          "column": 15
        },
        "end": {
          "line": 42,
          "column": 1
        }
      },
      "1": {
        "start": {
          "line": 7,
          "column": 19
        },
        "end": {
          "line": 7,
          "column": 62
        }
      },
      "2": {
        "start": {
          "line": 7,
          "column": 42
        },
        "end": {
          "line": 7,
          "column": 61
        }
      },
      "3": {
        "start": {
          "line": 8,
          "column": 2
        },
        "end": {
          "line": 41,
          "column": 4
        }
      }
    },
    "fnMap": {
      "0": {
        "name": "(anonymous_0)",
        "decl": {
          "start": {
            "line": 6,
            "column": 15
          },
          "end": {
            "line": 6,
            "column": 16
          }
        },
        "loc": {
          "start": {
            "line": 6,
            "column": 21
          },
          "end": {
            "line": 42,
            "column": 1
          }
        },
        "line": 6
      },
      "1": {
        "name": "(anonymous_1)",
        "decl": {
          "start": {
            "line": 7,
            "column": 31
          },
          "end": {
            "line": 7,
            "column": 32
          }
        },
        "loc": {
          "start": {
            "line": 7,
            "column": 42
          },
          "end": {
            "line": 7,
            "column": 61
          }
        },
        "line": 7
      }
    },
    "branchMap": {},
    "s": {
      "0": 79,
      "1": 185,
      "2": 216,
      "3": 185
    },
    "f": {
      "0": 185,
      "1": 216
    },
    "b": {},
    "_coverageSchema": "1a1c01bbd47fc00a2c39e90264f33305004495a9",
    "hash": "3c7cc0d8de87687d8169bcb70054297db608e1a1"
  },
  "C:\\Users\\yabsr\\Desktop\\Experiments\\next-food-ordering\\components\\Layout.js": {
    "path": "C:\\Users\\yabsr\\Desktop\\Experiments\\next-food-ordering\\components\\Layout.js",
    "statementMap": {
      "0": {
        "start": {
          "line": 4,
          "column": 15
        },
        "end": {
          "line": 12,
          "column": 1
        }
      },
      "1": {
        "start": {
          "line": 5,
          "column": 2
        },
        "end": {
          "line": 11,
          "column": 4
        }
      }
    },
    "fnMap": {
      "0": {
        "name": "(anonymous_0)",
        "decl": {
          "start": {
            "line": 4,
            "column": 15
          },
          "end": {
            "line": 4,
            "column": 16
          }
        },
        "loc": {
          "start": {
            "line": 4,
            "column": 33
          },
          "end": {
            "line": 12,
            "column": 1
          }
        },
        "line": 4
      }
    },
    "branchMap": {},
    "s": {
      "0": 79,
      "1": 154
    },
    "f": {
      "0": 154
    },
    "b": {},
    "_coverageSchema": "1a1c01bbd47fc00a2c39e90264f33305004495a9",
    "hash": "aa8b0b64895547618e8ae1b94262dc47f964068f"
  },
  "C:\\Users\\yabsr\\Desktop\\Experiments\\next-food-ordering\\redux\\cartSlice.js": {
    "path": "C:\\Users\\yabsr\\Desktop\\Experiments\\next-food-ordering\\redux\\cartSlice.js",
    "statementMap": {
      "0": {
        "start": {
          "line": 3,
          "column": 18
        },
        "end": {
          "line": 22,
          "column": 2
        }
      },
      "1": {
        "start": {
          "line": 12,
          "column": 6
        },
        "end": {
          "line": 12,
          "column": 42
        }
      },
      "2": {
        "start": {
          "line": 13,
          "column": 6
        },
        "end": {
          "line": 13,
          "column": 26
        }
      },
      "3": {
        "start": {
          "line": 14,
          "column": 6
        },
        "end": {
          "line": 14,
          "column": 68
        }
      },
      "4": {
        "start": {
          "line": 17,
          "column": 6
        },
        "end": {
          "line": 17,
          "column": 26
        }
      },
      "5": {
        "start": {
          "line": 18,
          "column": 6
        },
        "end": {
          "line": 18,
          "column": 25
        }
      },
      "6": {
        "start": {
          "line": 19,
          "column": 6
        },
        "end": {
          "line": 19,
          "column": 22
        }
      },
      "7": {
        "start": {
          "line": 24,
          "column": 37
        },
        "end": {
          "line": 24,
          "column": 54
        }
      }
    },
    "fnMap": {
      "0": {
        "name": "(anonymous_0)",
        "decl": {
          "start": {
            "line": 11,
            "column": 16
          },
          "end": {
            "line": 11,
            "column": 17
          }
        },
        "loc": {
          "start": {
            "line": 11,
            "column": 35
          },
          "end": {
            "line": 15,
            "column": 5
          }
        },
        "line": 11
      },
      "1": {
        "name": "(anonymous_1)",
        "decl": {
          "start": {
            "line": 16,
            "column": 11
          },
          "end": {
            "line": 16,
            "column": 12
          }
        },
        "loc": {
          "start": {
            "line": 16,
            "column": 22
          },
          "end": {
            "line": 20,
            "column": 5
          }
        },
        "line": 16
      }
    },
    "branchMap": {},
    "s": {
      "0": 79,
      "1": 27,
      "2": 27,
      "3": 27,
      "4": 4,
      "5": 4,
      "6": 4,
      "7": 79
    },
    "f": {
      "0": 27,
      "1": 4
    },
    "b": {},
    "_coverageSchema": "1a1c01bbd47fc00a2c39e90264f33305004495a9",
    "hash": "a5ec3aff60fc98e8a19c657fdaee23f22e439302"
  },
  "C:\\Users\\yabsr\\Desktop\\Experiments\\next-food-ordering\\redux\\store.js": {
    "path": "C:\\Users\\yabsr\\Desktop\\Experiments\\next-food-ordering\\redux\\store.js",
    "statementMap": {},
    "fnMap": {},
    "branchMap": {},
    "s": {},
    "f": {},
    "b": {},
    "_coverageSchema": "1a1c01bbd47fc00a2c39e90264f33305004495a9",
    "hash": "8d55d31c5793d9d9e3c3d9af6521539ab8674b90"
  },
  "C:\\Users\\yabsr\\Desktop\\Experiments\\next-food-ordering\\pages\\_app.js": {
    "path": "C:\\Users\\yabsr\\Desktop\\Experiments\\next-food-ordering\\pages\\_app.js",
    "statementMap": {
      "0": {
        "start": {
          "line": 7,
          "column": 2
        },
        "end": {
          "line": 13,
          "column": 4
        }
      }
    },
    "fnMap": {
      "0": {
        "name": "MyApp",
        "decl": {
          "start": {
            "line": 6,
            "column": 9
          },
          "end": {
            "line": 6,
            "column": 14
          }
        },
        "loc": {
          "start": {
            "line": 6,
            "column": 41
          },
          "end": {
            "line": 14,
            "column": 1
          }
        },
        "line": 6
      }
    },
    "branchMap": {},
    "s": {
      "0": 154
    },
    "f": {
      "0": 154
    },
    "b": {},
    "_coverageSchema": "1a1c01bbd47fc00a2c39e90264f33305004495a9",
    "hash": "8c5fd4e9b4611f03e218f149d26af18b461d4c7a"
  },
  "C:\\Users\\yabsr\\Desktop\\Experiments\\next-food-ordering\\pages\\admin\\login.jsx": {
    "path": "C:\\Users\\yabsr\\Desktop\\Experiments\\next-food-ordering\\pages\\admin\\login.jsx",
    "statementMap": {
      "0": {
        "start": {
          "line": 6,
          "column": 14
        },
        "end": {
          "line": 52,
          "column": 1
        }
      },
      "1": {
        "start": {
          "line": 7,
          "column": 34
        },
        "end": {
          "line": 7,
          "column": 48
        }
      },
      "2": {
        "start": {
          "line": 8,
          "column": 34
        },
        "end": {
          "line": 8,
          "column": 48
        }
      },
      "3": {
        "start": {
          "line": 9,
          "column": 28
        },
        "end": {
          "line": 9,
          "column": 43
        }
      },
      "4": {
        "start": {
          "line": 10,
          "column": 17
        },
        "end": {
          "line": 10,
          "column": 28
        }
      },
      "5": {
        "start": {
          "line": 12,
          "column": 22
        },
        "end": {
          "line": 22,
          "column": 3
        }
      },
      "6": {
        "start": {
          "line": 13,
          "column": 4
        },
        "end": {
          "line": 21,
          "column": 5
        }
      },
      "7": {
        "start": {
          "line": 14,
          "column": 6
        },
        "end": {
          "line": 17,
          "column": 9
        }
      },
      "8": {
        "start": {
          "line": 18,
          "column": 6
        },
        "end": {
          "line": 18,
          "column": 28
        }
      },
      "9": {
        "start": {
          "line": 20,
          "column": 6
        },
        "end": {
          "line": 20,
          "column": 21
        }
      },
      "10": {
        "start": {
          "line": 24,
          "column": 2
        },
        "end": {
          "line": 51,
          "column": 4
        }
      },
      "11": {
        "start": {
          "line": 32,
          "column": 27
        },
        "end": {
          "line": 32,
          "column": 54
        }
      },
      "12": {
        "start": {
          "line": 39,
          "column": 27
        },
        "end": {
          "line": 39,
          "column": 54
        }
      }
    },
    "fnMap": {
      "0": {
        "name": "(anonymous_0)",
        "decl": {
          "start": {
            "line": 6,
            "column": 14
          },
          "end": {
            "line": 6,
            "column": 15
          }
        },
        "loc": {
          "start": {
            "line": 6,
            "column": 20
          },
          "end": {
            "line": 52,
            "column": 1
          }
        },
        "line": 6
      },
      "1": {
        "name": "(anonymous_1)",
        "decl": {
          "start": {
            "line": 12,
            "column": 22
          },
          "end": {
            "line": 12,
            "column": 23
          }
        },
        "loc": {
          "start": {
            "line": 12,
            "column": 34
          },
          "end": {
            "line": 22,
            "column": 3
          }
        },
        "line": 12
      },
      "2": {
        "name": "(anonymous_2)",
        "decl": {
          "start": {
            "line": 32,
            "column": 20
          },
          "end": {
            "line": 32,
            "column": 21
          }
        },
        "loc": {
          "start": {
            "line": 32,
            "column": 27
          },
          "end": {
            "line": 32,
            "column": 54
          }
        },
        "line": 32
      },
      "3": {
        "name": "(anonymous_3)",
        "decl": {
          "start": {
            "line": 39,
            "column": 20
          },
          "end": {
            "line": 39,
            "column": 21
          }
        },
        "loc": {
          "start": {
            "line": 39,
            "column": 27
          },
          "end": {
            "line": 39,
            "column": 54
          }
        },
        "line": 39
      }
    },
    "branchMap": {
      "0": {
        "loc": {
          "start": {
            "line": 48,
            "column": 9
          },
          "end": {
            "line": 48,
            "column": 98
          }
        },
        "type": "binary-expr",
        "locations": [
          {
            "start": {
              "line": 48,
              "column": 9
            },
            "end": {
              "line": 48,
              "column": 14
            }
          },
          {
            "start": {
              "line": 48,
              "column": 18
            },
            "end": {
              "line": 48,
              "column": 98
            }
          }
        ],
        "line": 48
      }
    },
    "s": {
      "0": 30,
      "1": 331,
      "2": 331,
      "3": 331,
      "4": 331,
      "5": 331,
      "6": 29,
      "7": 29,
      "8": 21,
      "9": 8,
      "10": 331,
      "11": 135,
      "12": 158
    },
    "f": {
      "0": 331,
      "1": 29,
      "2": 135,
      "3": 158
    },
    "b": {
      "0": [
        331,
        8
      ]
    },
    "_coverageSchema": "1a1c01bbd47fc00a2c39e90264f33305004495a9",
    "hash": "912ed13242f7e6ccfa1613e2114e22873466e223"
  },
  "C:\\Users\\yabsr\\Desktop\\Experiments\\next-food-ordering\\components\\Add.jsx": {
    "path": "C:\\Users\\yabsr\\Desktop\\Experiments\\next-food-ordering\\components\\Add.jsx",
    "statementMap": {
      "0": {
        "start": {
          "line": 6,
          "column": 12
        },
        "end": {
          "line": 190,
          "column": 1
        }
      },
      "1": {
        "start": {
          "line": 8,
          "column": 26
        },
        "end": {
          "line": 8,
          "column": 56
        }
      },
      "2": {
        "start": {
          "line": 9,
          "column": 28
        },
        "end": {
          "line": 9,
          "column": 60
        }
      },
      "3": {
        "start": {
          "line": 10,
          "column": 26
        },
        "end": {
          "line": 10,
          "column": 57
        }
      },
      "4": {
        "start": {
          "line": 11,
          "column": 30
        },
        "end": {
          "line": 11,
          "column": 69
        }
      },
      "5": {
        "start": {
          "line": 12,
          "column": 42
        },
        "end": {
          "line": 12,
          "column": 87
        }
      },
      "6": {
        "start": {
          "line": 13,
          "column": 28
        },
        "end": {
          "line": 13,
          "column": 42
        }
      },
      "7": {
        "start": {
          "line": 14,
          "column": 28
        },
        "end": {
          "line": 14,
          "column": 43
        }
      },
      "8": {
        "start": {
          "line": 16,
          "column": 22
        },
        "end": {
          "line": 20,
          "column": 3
        }
      },
      "9": {
        "start": {
          "line": 17,
          "column": 26
        },
        "end": {
          "line": 17,
          "column": 32
        }
      },
      "10": {
        "start": {
          "line": 18,
          "column": 4
        },
        "end": {
          "line": 18,
          "column": 42
        }
      },
      "11": {
        "start": {
          "line": 19,
          "column": 4
        },
        "end": {
          "line": 19,
          "column": 29
        }
      },
      "12": {
        "start": {
          "line": 22,
          "column": 27
        },
        "end": {
          "line": 24,
          "column": 3
        }
      },
      "13": {
        "start": {
          "line": 23,
          "column": 4
        },
        "end": {
          "line": 23,
          "column": 60
        }
      },
      "14": {
        "start": {
          "line": 26,
          "column": 22
        },
        "end": {
          "line": 28,
          "column": 3
        }
      },
      "15": {
        "start": {
          "line": 27,
          "column": 4
        },
        "end": {
          "line": 27,
          "column": 48
        }
      },
      "16": {
        "start": {
          "line": 27,
          "column": 30
        },
        "end": {
          "line": 27,
          "column": 46
        }
      },
      "17": {
        "start": {
          "line": 30,
          "column": 29
        },
        "end": {
          "line": 34,
          "column": 3
        }
      },
      "18": {
        "start": {
          "line": 32,
          "column": 4
        },
        "end": {
          "line": 32,
          "column": 47
        }
      },
      "19": {
        "start": {
          "line": 36,
          "column": 23
        },
        "end": {
          "line": 78,
          "column": 3
        }
      },
      "20": {
        "start": {
          "line": 37,
          "column": 4
        },
        "end": {
          "line": 37,
          "column": 35
        }
      },
      "21": {
        "start": {
          "line": 38,
          "column": 4
        },
        "end": {
          "line": 38,
          "column": 29
        }
      },
      "22": {
        "start": {
          "line": 39,
          "column": 17
        },
        "end": {
          "line": 39,
          "column": 31
        }
      },
      "23": {
        "start": {
          "line": 40,
          "column": 4
        },
        "end": {
          "line": 40,
          "column": 30
        }
      },
      "24": {
        "start": {
          "line": 41,
          "column": 4
        },
        "end": {
          "line": 41,
          "column": 45
        }
      },
      "25": {
        "start": {
          "line": 42,
          "column": 4
        },
        "end": {
          "line": 77,
          "column": 5
        }
      },
      "26": {
        "start": {
          "line": 43,
          "column": 6
        },
        "end": {
          "line": 74,
          "column": 7
        }
      },
      "27": {
        "start": {
          "line": 45,
          "column": 26
        },
        "end": {
          "line": 48,
          "column": 9
        }
      },
      "28": {
        "start": {
          "line": 50,
          "column": 24
        },
        "end": {
          "line": 50,
          "column": 38
        }
      },
      "29": {
        "start": {
          "line": 51,
          "column": 27
        },
        "end": {
          "line": 57,
          "column": 9
        }
      },
      "30": {
        "start": {
          "line": 59,
          "column": 8
        },
        "end": {
          "line": 59,
          "column": 75
        }
      },
      "31": {
        "start": {
          "line": 60,
          "column": 8
        },
        "end": {
          "line": 60,
          "column": 23
        }
      },
      "32": {
        "start": {
          "line": 61,
          "column": 8
        },
        "end": {
          "line": 61,
          "column": 33
        }
      },
      "33": {
        "start": {
          "line": 63,
          "column": 31
        },
        "end": {
          "line": 69,
          "column": 9
        }
      },
      "34": {
        "start": {
          "line": 71,
          "column": 8
        },
        "end": {
          "line": 71,
          "column": 101
        }
      },
      "35": {
        "start": {
          "line": 72,
          "column": 8
        },
        "end": {
          "line": 72,
          "column": 23
        }
      },
      "36": {
        "start": {
          "line": 73,
          "column": 8
        },
        "end": {
          "line": 73,
          "column": 33
        }
      },
      "37": {
        "start": {
          "line": 76,
          "column": 6
        },
        "end": {
          "line": 76,
          "column": 25
        }
      },
      "38": {
        "start": {
          "line": 80,
          "column": 2
        },
        "end": {
          "line": 189,
          "column": 4
        }
      },
      "39": {
        "start": {
          "line": 83,
          "column": 29
        },
        "end": {
          "line": 83,
          "column": 43
        }
      },
      "40": {
        "start": {
          "line": 95,
          "column": 50
        },
        "end": {
          "line": 95,
          "column": 76
        }
      },
      "41": {
        "start": {
          "line": 103,
          "column": 29
        },
        "end": {
          "line": 103,
          "column": 53
        }
      },
      "42": {
        "start": {
          "line": 113,
          "column": 29
        },
        "end": {
          "line": 113,
          "column": 52
        }
      },
      "43": {
        "start": {
          "line": 125,
          "column": 31
        },
        "end": {
          "line": 125,
          "column": 48
        }
      },
      "44": {
        "start": {
          "line": 133,
          "column": 31
        },
        "end": {
          "line": 133,
          "column": 48
        }
      },
      "45": {
        "start": {
          "line": 142,
          "column": 31
        },
        "end": {
          "line": 142,
          "column": 48
        }
      },
      "46": {
        "start": {
          "line": 172,
          "column": 14
        },
        "end": {
          "line": 174,
          "column": 21
        }
      }
    },
    "fnMap": {
      "0": {
        "name": "(anonymous_0)",
        "decl": {
          "start": {
            "line": 6,
            "column": 12
          },
          "end": {
            "line": 6,
            "column": 13
          }
        },
        "loc": {
          "start": {
            "line": 6,
            "column": 47
          },
          "end": {
            "line": 190,
            "column": 1
          }
        },
        "line": 6
      },
      "1": {
        "name": "(anonymous_1)",
        "decl": {
          "start": {
            "line": 16,
            "column": 22
          },
          "end": {
            "line": 16,
            "column": 23
          }
        },
        "loc": {
          "start": {
            "line": 16,
            "column": 36
          },
          "end": {
            "line": 20,
            "column": 3
          }
        },
        "line": 16
      },
      "2": {
        "name": "(anonymous_2)",
        "decl": {
          "start": {
            "line": 22,
            "column": 27
          },
          "end": {
            "line": 22,
            "column": 28
          }
        },
        "loc": {
          "start": {
            "line": 22,
            "column": 34
          },
          "end": {
            "line": 24,
            "column": 3
          }
        },
        "line": 22
      },
      "3": {
        "name": "(anonymous_3)",
        "decl": {
          "start": {
            "line": 26,
            "column": 22
          },
          "end": {
            "line": 26,
            "column": 23
          }
        },
        "loc": {
          "start": {
            "line": 26,
            "column": 29
          },
          "end": {
            "line": 28,
            "column": 3
          }
        },
        "line": 26
      },
      "4": {
        "name": "(anonymous_4)",
        "decl": {
          "start": {
            "line": 27,
            "column": 20
          },
          "end": {
            "line": 27,
            "column": 21
          }
        },
        "loc": {
          "start": {
            "line": 27,
            "column": 30
          },
          "end": {
            "line": 27,
            "column": 46
          }
        },
        "line": 27
      },
      "5": {
        "name": "(anonymous_5)",
        "decl": {
          "start": {
            "line": 30,
            "column": 29
          },
          "end": {
            "line": 30,
            "column": 30
          }
        },
        "loc": {
          "start": {
            "line": 30,
            "column": 35
          },
          "end": {
            "line": 34,
            "column": 3
          }
        },
        "line": 30
      },
      "6": {
        "name": "(anonymous_6)",
        "decl": {
          "start": {
            "line": 36,
            "column": 23
          },
          "end": {
            "line": 36,
            "column": 24
          }
        },
        "loc": {
          "start": {
            "line": 36,
            "column": 35
          },
          "end": {
            "line": 78,
            "column": 3
          }
        },
        "line": 36
      },
      "7": {
        "name": "(anonymous_7)",
        "decl": {
          "start": {
            "line": 83,
            "column": 23
          },
          "end": {
            "line": 83,
            "column": 24
          }
        },
        "loc": {
          "start": {
            "line": 83,
            "column": 29
          },
          "end": {
            "line": 83,
            "column": 43
          }
        },
        "line": 83
      },
      "8": {
        "name": "(anonymous_8)",
        "decl": {
          "start": {
            "line": 95,
            "column": 43
          },
          "end": {
            "line": 95,
            "column": 44
          }
        },
        "loc": {
          "start": {
            "line": 95,
            "column": 50
          },
          "end": {
            "line": 95,
            "column": 76
          }
        },
        "line": 95
      },
      "9": {
        "name": "(anonymous_9)",
        "decl": {
          "start": {
            "line": 103,
            "column": 22
          },
          "end": {
            "line": 103,
            "column": 23
          }
        },
        "loc": {
          "start": {
            "line": 103,
            "column": 29
          },
          "end": {
            "line": 103,
            "column": 53
          }
        },
        "line": 103
      },
      "10": {
        "name": "(anonymous_10)",
        "decl": {
          "start": {
            "line": 113,
            "column": 22
          },
          "end": {
            "line": 113,
            "column": 23
          }
        },
        "loc": {
          "start": {
            "line": 113,
            "column": 29
          },
          "end": {
            "line": 113,
            "column": 52
          }
        },
        "line": 113
      },
      "11": {
        "name": "(anonymous_11)",
        "decl": {
          "start": {
            "line": 125,
            "column": 24
          },
          "end": {
            "line": 125,
            "column": 25
          }
        },
        "loc": {
          "start": {
            "line": 125,
            "column": 31
          },
          "end": {
            "line": 125,
            "column": 48
          }
        },
        "line": 125
      },
      "12": {
        "name": "(anonymous_12)",
        "decl": {
          "start": {
            "line": 133,
            "column": 24
          },
          "end": {
            "line": 133,
            "column": 25
          }
        },
        "loc": {
          "start": {
            "line": 133,
            "column": 31
          },
          "end": {
            "line": 133,
            "column": 48
          }
        },
        "line": 133
      },
      "13": {
        "name": "(anonymous_13)",
        "decl": {
          "start": {
            "line": 142,
            "column": 24
          },
          "end": {
            "line": 142,
            "column": 25
          }
        },
        "loc": {
          "start": {
            "line": 142,
            "column": 31
          },
          "end": {
            "line": 142,
            "column": 48
          }
        },
        "line": 142
      },
      "14": {
        "name": "(anonymous_14)",
        "decl": {
          "start": {
            "line": 171,
            "column": 30
          },
          "end": {
            "line": 171,
            "column": 31
          }
        },
        "loc": {
          "start": {
            "line": 172,
            "column": 14
          },
          "end": {
            "line": 174,
            "column": 21
          }
        },
        "line": 172
      }
    },
    "branchMap": {
      "0": {
        "loc": {
          "start": {
            "line": 11,
            "column": 39
          },
          "end": {
            "line": 11,
            "column": 68
          }
        },
        "type": "binary-expr",
        "locations": [
          {
            "start": {
              "line": 11,
              "column": 39
            },
            "end": {
              "line": 11,
              "column": 62
            }
          },
          {
            "start": {
              "line": 11,
              "column": 66
            },
            "end": {
              "line": 11,
              "column": 68
            }
          }
        ],
        "line": 11
      },
      "1": {
        "loc": {
          "start": {
            "line": 12,
            "column": 51
          },
          "end": {
            "line": 12,
            "column": 86
          }
        },
        "type": "binary-expr",
        "locations": [
          {
            "start": {
              "line": 12,
              "column": 51
            },
            "end": {
              "line": 12,
              "column": 80
            }
          },
          {
            "start": {
              "line": 12,
              "column": 84
            },
            "end": {
              "line": 12,
              "column": 86
            }
          }
        ],
        "line": 12
      },
      "2": {
        "loc": {
          "start": {
            "line": 32,
            "column": 11
          },
          "end": {
            "line": 32,
            "column": 46
          }
        },
        "type": "binary-expr",
        "locations": [
          {
            "start": {
              "line": 32,
              "column": 11
            },
            "end": {
              "line": 32,
              "column": 16
            }
          },
          {
            "start": {
              "line": 32,
              "column": 20
            },
            "end": {
              "line": 32,
              "column": 26
            }
          },
          {
            "start": {
              "line": 32,
              "column": 30
            },
            "end": {
              "line": 32,
              "column": 35
            }
          },
          {
            "start": {
              "line": 32,
              "column": 39
            },
            "end": {
              "line": 32,
              "column": 46
            }
          }
        ],
        "line": 32
      },
      "3": {
        "loc": {
          "start": {
            "line": 43,
            "column": 6
          },
          "end": {
            "line": 74,
            "column": 7
          }
        },
        "type": "if",
        "locations": [
          {
            "start": {
              "line": 43,
              "column": 6
            },
            "end": {
              "line": 74,
              "column": 7
            }
          },
          {
            "start": {
              "line": 62,
              "column": 13
            },
            "end": {
              "line": 74,
              "column": 7
            }
          }
        ],
        "line": 43
      },
      "4": {
        "loc": {
          "start": {
            "line": 87,
            "column": 10
          },
          "end": {
            "line": 89,
            "column": 36
          }
        },
        "type": "cond-expr",
        "locations": [
          {
            "start": {
              "line": 88,
              "column": 12
            },
            "end": {
              "line": 88,
              "column": 33
            }
          },
          {
            "start": {
              "line": 89,
              "column": 12
            },
            "end": {
              "line": 89,
              "column": 36
            }
          }
        ],
        "line": 87
      },
      "5": {
        "loc": {
          "start": {
            "line": 92,
            "column": 10
          },
          "end": {
            "line": 96,
            "column": 25
          }
        },
        "type": "cond-expr",
        "locations": [
          {
            "start": {
              "line": 93,
              "column": 12
            },
            "end": {
              "line": 96,
              "column": 18
            }
          },
          {
            "start": {
              "line": 96,
              "column": 21
            },
            "end": {
              "line": 96,
              "column": 25
            }
          }
        ],
        "line": 92
      },
      "6": {
        "loc": {
          "start": {
            "line": 179,
            "column": 10
          },
          "end": {
            "line": 179,
            "column": 109
          }
        },
        "type": "cond-expr",
        "locations": [
          {
            "start": {
              "line": 179,
              "column": 18
            },
            "end": {
              "line": 179,
              "column": 102
            }
          },
          {
            "start": {
              "line": 179,
              "column": 105
            },
            "end": {
              "line": 179,
              "column": 109
            }
          }
        ],
        "line": 179
      },
      "7": {
        "loc": {
          "start": {
            "line": 185,
            "column": 11
          },
          "end": {
            "line": 185,
            "column": 48
          }
        },
        "type": "cond-expr",
        "locations": [
          {
            "start": {
              "line": 185,
              "column": 29
            },
            "end": {
              "line": 185,
              "column": 37
            }
          },
          {
            "start": {
              "line": 185,
              "column": 40
            },
            "end": {
              "line": 185,
              "column": 48
            }
          }
        ],
        "line": 185
      }
    },
    "s": {
      "0": 27,
      "1": 48,
      "2": 48,
      "3": 48,
      "4": 48,
      "5": 48,
      "6": 48,
      "7": 48,
      "8": 48,
      "9": 15,
      "10": 15,
      "11": 15,
      "12": 48,
      "13": 0,
      "14": 48,
      "15": 0,
      "16": 0,
      "17": 48,
      "18": 4,
      "19": 48,
      "20": 4,
      "21": 4,
      "22": 4,
      "23": 4,
      "24": 4,
      "25": 4,
      "26": 4,
      "27": 3,
      "28": 1,
      "29": 1,
      "30": 1,
      "31": 1,
      "32": 1,
      "33": 1,
      "34": 1,
      "35": 1,
      "36": 1,
      "37": 1,
      "38": 48,
      "39": 0,
      "40": 1,
      "41": 18,
      "42": 18,
      "43": 8,
      "44": 3,
      "45": 4,
      "46": 7
    },
    "f": {
      "0": 48,
      "1": 15,
      "2": 0,
      "3": 0,
      "4": 0,
      "5": 4,
      "6": 4,
      "7": 0,
      "8": 1,
      "9": 18,
      "10": 18,
      "11": 8,
      "12": 3,
      "13": 4,
      "14": 7
    },
    "b": {
      "0": [
        48,
        43
      ],
      "1": [
        48,
        43
      ],
      "2": [
        4,
        2,
        2,
        2
      ],
      "3": [
        3,
        1
      ],
      "4": [
        5,
        43
      ],
      "5": [
        43,
        5
      ],
      "6": [
        2,
        46
      ],
      "7": [
        5,
        43
      ]
    },
    "_coverageSchema": "1a1c01bbd47fc00a2c39e90264f33305004495a9",
    "hash": "fc01de11e3e4534218566832a850bdcd7378f326"
  },
  "C:\\Users\\yabsr\\Desktop\\Experiments\\next-food-ordering\\components\\AddButton.jsx": {
    "path": "C:\\Users\\yabsr\\Desktop\\Experiments\\next-food-ordering\\components\\AddButton.jsx",
    "statementMap": {
      "0": {
        "start": {
          "line": 3,
          "column": 18
        },
        "end": {
          "line": 9,
          "column": 1
        }
      },
      "1": {
        "start": {
          "line": 4,
          "column": 2
        },
        "end": {
          "line": 8,
          "column": 4
        }
      },
      "2": {
        "start": {
          "line": 5,
          "column": 24
        },
        "end": {
          "line": 5,
          "column": 39
        }
      }
    },
    "fnMap": {
      "0": {
        "name": "(anonymous_0)",
        "decl": {
          "start": {
            "line": 3,
            "column": 18
          },
          "end": {
            "line": 3,
            "column": 19
          }
        },
        "loc": {
          "start": {
            "line": 3,
            "column": 36
          },
          "end": {
            "line": 9,
            "column": 1
          }
        },
        "line": 3
      },
      "1": {
        "name": "(anonymous_1)",
        "decl": {
          "start": {
            "line": 5,
            "column": 18
          },
          "end": {
            "line": 5,
            "column": 19
          }
        },
        "loc": {
          "start": {
            "line": 5,
            "column": 24
          },
          "end": {
            "line": 5,
            "column": 39
          }
        },
        "line": 5
      }
    },
    "branchMap": {},
    "s": {
      "0": 27,
      "1": 37,
      "2": 3
    },
    "f": {
      "0": 37,
      "1": 3
    },
    "b": {},
    "_coverageSchema": "1a1c01bbd47fc00a2c39e90264f33305004495a9",
    "hash": "398f36233514bf6c802e669916b48601abb118db"
  },
  "C:\\Users\\yabsr\\Desktop\\Experiments\\next-food-ordering\\pages\\admin\\index.jsx": {
    "path": "C:\\Users\\yabsr\\Desktop\\Experiments\\next-food-ordering\\pages\\admin\\index.jsx",
    "statementMap": {
      "0": {
        "start": {
          "line": 9,
          "column": 14
        },
        "end": {
          "line": 137,
          "column": 1
        }
      },
      "1": {
        "start": {
          "line": 10,
          "column": 36
        },
        "end": {
          "line": 10,
          "column": 54
        }
      },
      "2": {
        "start": {
          "line": 11,
          "column": 36
        },
        "end": {
          "line": 11,
          "column": 52
        }
      },
      "3": {
        "start": {
          "line": 12,
          "column": 17
        },
        "end": {
          "line": 12,
          "column": 57
        }
      },
      "4": {
        "start": {
          "line": 13,
          "column": 28
        },
        "end": {
          "line": 13,
          "column": 42
        }
      },
      "5": {
        "start": {
          "line": 14,
          "column": 32
        },
        "end": {
          "line": 14,
          "column": 46
        }
      },
      "6": {
        "start": {
          "line": 17,
          "column": 23
        },
        "end": {
          "line": 27,
          "column": 3
        }
      },
      "7": {
        "start": {
          "line": 18,
          "column": 4
        },
        "end": {
          "line": 18,
          "column": 20
        }
      },
      "8": {
        "start": {
          "line": 19,
          "column": 4
        },
        "end": {
          "line": 26,
          "column": 5
        }
      },
      "9": {
        "start": {
          "line": 20,
          "column": 18
        },
        "end": {
          "line": 22,
          "column": 7
        }
      },
      "10": {
        "start": {
          "line": 23,
          "column": 6
        },
        "end": {
          "line": 23,
          "column": 66
        }
      },
      "11": {
        "start": {
          "line": 23,
          "column": 47
        },
        "end": {
          "line": 23,
          "column": 63
        }
      },
      "12": {
        "start": {
          "line": 25,
          "column": 6
        },
        "end": {
          "line": 25,
          "column": 23
        }
      },
      "13": {
        "start": {
          "line": 29,
          "column": 21
        },
        "end": {
          "line": 33,
          "column": 3
        }
      },
      "14": {
        "start": {
          "line": 30,
          "column": 4
        },
        "end": {
          "line": 30,
          "column": 24
        }
      },
      "15": {
        "start": {
          "line": 31,
          "column": 4
        },
        "end": {
          "line": 31,
          "column": 25
        }
      },
      "16": {
        "start": {
          "line": 32,
          "column": 4
        },
        "end": {
          "line": 32,
          "column": 20
        }
      },
      "17": {
        "start": {
          "line": 35,
          "column": 23
        },
        "end": {
          "line": 50,
          "column": 3
        }
      },
      "18": {
        "start": {
          "line": 36,
          "column": 17
        },
        "end": {
          "line": 36,
          "column": 65
        }
      },
      "19": {
        "start": {
          "line": 36,
          "column": 45
        },
        "end": {
          "line": 36,
          "column": 61
        }
      },
      "20": {
        "start": {
          "line": 37,
          "column": 26
        },
        "end": {
          "line": 37,
          "column": 37
        }
      },
      "21": {
        "start": {
          "line": 39,
          "column": 4
        },
        "end": {
          "line": 49,
          "column": 5
        }
      },
      "22": {
        "start": {
          "line": 40,
          "column": 18
        },
        "end": {
          "line": 42,
          "column": 8
        }
      },
      "23": {
        "start": {
          "line": 43,
          "column": 6
        },
        "end": {
          "line": 46,
          "column": 9
        }
      },
      "24": {
        "start": {
          "line": 45,
          "column": 39
        },
        "end": {
          "line": 45,
          "column": 55
        }
      },
      "25": {
        "start": {
          "line": 48,
          "column": 6
        },
        "end": {
          "line": 48,
          "column": 23
        }
      },
      "26": {
        "start": {
          "line": 52,
          "column": 2
        },
        "end": {
          "line": 136,
          "column": 4
        }
      },
      "27": {
        "start": {
          "line": 69,
          "column": 14
        },
        "end": {
          "line": 94,
          "column": 22
        }
      },
      "28": {
        "start": {
          "line": 84,
          "column": 86
        },
        "end": {
          "line": 84,
          "column": 105
        }
      },
      "29": {
        "start": {
          "line": 87,
          "column": 37
        },
        "end": {
          "line": 87,
          "column": 62
        }
      },
      "30": {
        "start": {
          "line": 112,
          "column": 14
        },
        "end": {
          "line": 127,
          "column": 22
        }
      },
      "31": {
        "start": {
          "line": 122,
          "column": 43
        },
        "end": {
          "line": 122,
          "column": 66
        }
      }
    },
    "fnMap": {
      "0": {
        "name": "(anonymous_0)",
        "decl": {
          "start": {
            "line": 9,
            "column": 14
          },
          "end": {
            "line": 9,
            "column": 15
          }
        },
        "loc": {
          "start": {
            "line": 9,
            "column": 40
          },
          "end": {
            "line": 137,
            "column": 1
          }
        },
        "line": 9
      },
      "1": {
        "name": "(anonymous_1)",
        "decl": {
          "start": {
            "line": 17,
            "column": 23
          },
          "end": {
            "line": 17,
            "column": 24
          }
        },
        "loc": {
          "start": {
            "line": 17,
            "column": 37
          },
          "end": {
            "line": 27,
            "column": 3
          }
        },
        "line": 17
      },
      "2": {
        "name": "(anonymous_2)",
        "decl": {
          "start": {
            "line": 23,
            "column": 36
          },
          "end": {
            "line": 23,
            "column": 37
          }
        },
        "loc": {
          "start": {
            "line": 23,
            "column": 47
          },
          "end": {
            "line": 23,
            "column": 63
          }
        },
        "line": 23
      },
      "3": {
        "name": "(anonymous_3)",
        "decl": {
          "start": {
            "line": 29,
            "column": 21
          },
          "end": {
            "line": 29,
            "column": 22
          }
        },
        "loc": {
          "start": {
            "line": 29,
            "column": 40
          },
          "end": {
            "line": 33,
            "column": 3
          }
        },
        "line": 29
      },
      "4": {
        "name": "(anonymous_4)",
        "decl": {
          "start": {
            "line": 35,
            "column": 23
          },
          "end": {
            "line": 35,
            "column": 24
          }
        },
        "loc": {
          "start": {
            "line": 35,
            "column": 37
          },
          "end": {
            "line": 50,
            "column": 3
          }
        },
        "line": 35
      },
      "5": {
        "name": "(anonymous_5)",
        "decl": {
          "start": {
            "line": 36,
            "column": 34
          },
          "end": {
            "line": 36,
            "column": 35
          }
        },
        "loc": {
          "start": {
            "line": 36,
            "column": 45
          },
          "end": {
            "line": 36,
            "column": 61
          }
        },
        "line": 36
      },
      "6": {
        "name": "(anonymous_6)",
        "decl": {
          "start": {
            "line": 45,
            "column": 28
          },
          "end": {
            "line": 45,
            "column": 29
          }
        },
        "loc": {
          "start": {
            "line": 45,
            "column": 39
          },
          "end": {
            "line": 45,
            "column": 55
          }
        },
        "line": 45
      },
      "7": {
        "name": "(anonymous_7)",
        "decl": {
          "start": {
            "line": 68,
            "column": 27
          },
          "end": {
            "line": 68,
            "column": 28
          }
        },
        "loc": {
          "start": {
            "line": 69,
            "column": 14
          },
          "end": {
            "line": 94,
            "column": 22
          }
        },
        "line": 69
      },
      "8": {
        "name": "(anonymous_8)",
        "decl": {
          "start": {
            "line": 84,
            "column": 80
          },
          "end": {
            "line": 84,
            "column": 81
          }
        },
        "loc": {
          "start": {
            "line": 84,
            "column": 86
          },
          "end": {
            "line": 84,
            "column": 105
          }
        },
        "line": 84
      },
      "9": {
        "name": "(anonymous_9)",
        "decl": {
          "start": {
            "line": 87,
            "column": 31
          },
          "end": {
            "line": 87,
            "column": 32
          }
        },
        "loc": {
          "start": {
            "line": 87,
            "column": 37
          },
          "end": {
            "line": 87,
            "column": 62
          }
        },
        "line": 87
      },
      "10": {
        "name": "(anonymous_10)",
        "decl": {
          "start": {
            "line": 111,
            "column": 27
          },
          "end": {
            "line": 111,
            "column": 28
          }
        },
        "loc": {
          "start": {
            "line": 112,
            "column": 14
          },
          "end": {
            "line": 127,
            "column": 22
          }
        },
        "line": 112
      },
      "11": {
        "name": "(anonymous_11)",
        "decl": {
          "start": {
            "line": 122,
            "column": 37
          },
          "end": {
            "line": 122,
            "column": 38
          }
        },
        "loc": {
          "start": {
            "line": 122,
            "column": 43
          },
          "end": {
            "line": 122,
            "column": 66
          }
        },
        "line": 122
      }
    },
    "branchMap": {
      "0": {
        "loc": {
          "start": {
            "line": 118,
            "column": 21
          },
          "end": {
            "line": 118,
            "column": 79
          }
        },
        "type": "cond-expr",
        "locations": [
          {
            "start": {
              "line": 118,
              "column": 42
            },
            "end": {
              "line": 118,
              "column": 59
            }
          },
          {
            "start": {
              "line": 118,
              "column": 62
            },
            "end": {
              "line": 118,
              "column": 79
            }
          }
        ],
        "line": 118
      },
      "1": {
        "loc": {
          "start": {
            "line": 133,
            "column": 7
          },
          "end": {
            "line": 133,
            "column": 70
          }
        },
        "type": "binary-expr",
        "locations": [
          {
            "start": {
              "line": 133,
              "column": 7
            },
            "end": {
              "line": 133,
              "column": 13
            }
          },
          {
            "start": {
              "line": 133,
              "column": 17
            },
            "end": {
              "line": 133,
              "column": 70
            }
          }
        ],
        "line": 133
      }
    },
    "s": {
      "0": 27,
      "1": 37,
      "2": 37,
      "3": 37,
      "4": 37,
      "5": 37,
      "6": 37,
      "7": 1,
      "8": 1,
      "9": 1,
      "10": 1,
      "11": 6,
      "12": 0,
      "13": 37,
      "14": 5,
      "15": 5,
      "16": 5,
      "17": 37,
      "18": 3,
      "19": 3,
      "20": 3,
      "21": 3,
      "22": 3,
      "23": 3,
      "24": 3,
      "25": 0,
      "26": 37,
      "27": 208,
      "28": 5,
      "29": 1,
      "30": 37,
      "31": 3
    },
    "f": {
      "0": 37,
      "1": 1,
      "2": 6,
      "3": 5,
      "4": 3,
      "5": 3,
      "6": 3,
      "7": 208,
      "8": 5,
      "9": 1,
      "10": 37,
      "11": 3
    },
    "b": {
      "0": [
        37,
        0
      ],
      "1": [
        37,
        8
      ]
    },
    "_coverageSchema": "1a1c01bbd47fc00a2c39e90264f33305004495a9",
    "hash": "da3308a5577970da6fded5a38268bd2a84e49146"
  },
  "C:\\Users\\yabsr\\Desktop\\Experiments\\next-food-ordering\\components\\AddUserButton.jsx": {
    "path": "C:\\Users\\yabsr\\Desktop\\Experiments\\next-food-ordering\\components\\AddUserButton.jsx",
    "statementMap": {
      "0": {
        "start": {
          "line": 3,
          "column": 22
        },
        "end": {
          "line": 13,
          "column": 1
        }
      },
      "1": {
        "start": {
          "line": 4,
          "column": 2
        },
        "end": {
          "line": 12,
          "column": 4
        }
      },
      "2": {
        "start": {
          "line": 6,
          "column": 21
        },
        "end": {
          "line": 6,
          "column": 36
        }
      }
    },
    "fnMap": {
      "0": {
        "name": "(anonymous_0)",
        "decl": {
          "start": {
            "line": 3,
            "column": 22
          },
          "end": {
            "line": 3,
            "column": 23
          }
        },
        "loc": {
          "start": {
            "line": 3,
            "column": 40
          },
          "end": {
            "line": 13,
            "column": 1
          }
        },
        "line": 3
      },
      "1": {
        "name": "(anonymous_1)",
        "decl": {
          "start": {
            "line": 6,
            "column": 15
          },
          "end": {
            "line": 6,
            "column": 16
          }
        },
        "loc": {
          "start": {
            "line": 6,
            "column": 21
          },
          "end": {
            "line": 6,
            "column": 36
          }
        },
        "line": 6
      }
    },
    "branchMap": {},
    "s": {
      "0": 9,
      "1": 18,
      "2": 7
    },
    "f": {
      "0": 18,
      "1": 7
    },
    "b": {},
    "_coverageSchema": "1a1c01bbd47fc00a2c39e90264f33305004495a9",
    "hash": "da465232fb8c1726b7ea49a368fd5eec6d2a61b5"
  },
  "C:\\Users\\yabsr\\Desktop\\Experiments\\next-food-ordering\\components\\AddUser.jsx": {
    "path": "C:\\Users\\yabsr\\Desktop\\Experiments\\next-food-ordering\\components\\AddUser.jsx",
    "statementMap": {
      "0": {
        "start": {
          "line": 6,
          "column": 16
        },
        "end": {
          "line": 161,
          "column": 1
        }
      },
      "1": {
        "start": {
          "line": 8,
          "column": 28
        },
        "end": {
          "line": 8,
          "column": 42
        }
      },
      "2": {
        "start": {
          "line": 9,
          "column": 36
        },
        "end": {
          "line": 9,
          "column": 50
        }
      },
      "3": {
        "start": {
          "line": 10,
          "column": 36
        },
        "end": {
          "line": 10,
          "column": 50
        }
      },
      "4": {
        "start": {
          "line": 11,
          "column": 30
        },
        "end": {
          "line": 11,
          "column": 44
        }
      },
      "5": {
        "start": {
          "line": 12,
          "column": 30
        },
        "end": {
          "line": 12,
          "column": 45
        }
      },
      "6": {
        "start": {
          "line": 15,
          "column": 25
        },
        "end": {
          "line": 33,
          "column": 5
        }
      },
      "7": {
        "start": {
          "line": 16,
          "column": 8
        },
        "end": {
          "line": 16,
          "column": 29
        }
      },
      "8": {
        "start": {
          "line": 17,
          "column": 8
        },
        "end": {
          "line": 32,
          "column": 9
        }
      },
      "9": {
        "start": {
          "line": 18,
          "column": 12
        },
        "end": {
          "line": 29,
          "column": 13
        }
      },
      "10": {
        "start": {
          "line": 19,
          "column": 32
        },
        "end": {
          "line": 24,
          "column": 17
        }
      },
      "11": {
        "start": {
          "line": 26,
          "column": 16
        },
        "end": {
          "line": 26,
          "column": 77
        }
      },
      "12": {
        "start": {
          "line": 27,
          "column": 16
        },
        "end": {
          "line": 27,
          "column": 31
        }
      },
      "13": {
        "start": {
          "line": 28,
          "column": 16
        },
        "end": {
          "line": 28,
          "column": 41
        }
      },
      "14": {
        "start": {
          "line": 31,
          "column": 12
        },
        "end": {
          "line": 31,
          "column": 31
        }
      },
      "15": {
        "start": {
          "line": 35,
          "column": 21
        },
        "end": {
          "line": 55,
          "column": 5
        }
      },
      "16": {
        "start": {
          "line": 36,
          "column": 31
        },
        "end": {
          "line": 36,
          "column": 45
        }
      },
      "17": {
        "start": {
          "line": 37,
          "column": 8
        },
        "end": {
          "line": 39,
          "column": 9
        }
      },
      "18": {
        "start": {
          "line": 38,
          "column": 12
        },
        "end": {
          "line": 38,
          "column": 34
        }
      },
      "19": {
        "start": {
          "line": 41,
          "column": 35
        },
        "end": {
          "line": 41,
          "column": 53
        }
      },
      "20": {
        "start": {
          "line": 42,
          "column": 8
        },
        "end": {
          "line": 44,
          "column": 9
        }
      },
      "21": {
        "start": {
          "line": 43,
          "column": 12
        },
        "end": {
          "line": 43,
          "column": 38
        }
      },
      "22": {
        "start": {
          "line": 46,
          "column": 35
        },
        "end": {
          "line": 46,
          "column": 53
        }
      },
      "23": {
        "start": {
          "line": 47,
          "column": 8
        },
        "end": {
          "line": 49,
          "column": 9
        }
      },
      "24": {
        "start": {
          "line": 48,
          "column": 12
        },
        "end": {
          "line": 48,
          "column": 38
        }
      },
      "25": {
        "start": {
          "line": 51,
          "column": 32
        },
        "end": {
          "line": 51,
          "column": 47
        }
      },
      "26": {
        "start": {
          "line": 52,
          "column": 8
        },
        "end": {
          "line": 54,
          "column": 9
        }
      },
      "27": {
        "start": {
          "line": 53,
          "column": 12
        },
        "end": {
          "line": 53,
          "column": 35
        }
      },
      "28": {
        "start": {
          "line": 57,
          "column": 25
        },
        "end": {
          "line": 65,
          "column": 5
        }
      },
      "29": {
        "start": {
          "line": 58,
          "column": 8
        },
        "end": {
          "line": 60,
          "column": 9
        }
      },
      "30": {
        "start": {
          "line": 59,
          "column": 12
        },
        "end": {
          "line": 59,
          "column": 37
        }
      },
      "31": {
        "start": {
          "line": 62,
          "column": 8
        },
        "end": {
          "line": 64,
          "column": 9
        }
      },
      "32": {
        "start": {
          "line": 63,
          "column": 12
        },
        "end": {
          "line": 63,
          "column": 55
        }
      },
      "33": {
        "start": {
          "line": 67,
          "column": 29
        },
        "end": {
          "line": 75,
          "column": 5
        }
      },
      "34": {
        "start": {
          "line": 68,
          "column": 8
        },
        "end": {
          "line": 70,
          "column": 9
        }
      },
      "35": {
        "start": {
          "line": 69,
          "column": 12
        },
        "end": {
          "line": 69,
          "column": 41
        }
      },
      "36": {
        "start": {
          "line": 72,
          "column": 8
        },
        "end": {
          "line": 74,
          "column": 9
        }
      },
      "37": {
        "start": {
          "line": 73,
          "column": 12
        },
        "end": {
          "line": 73,
          "column": 59
        }
      },
      "38": {
        "start": {
          "line": 77,
          "column": 26
        },
        "end": {
          "line": 85,
          "column": 5
        }
      },
      "39": {
        "start": {
          "line": 78,
          "column": 8
        },
        "end": {
          "line": 80,
          "column": 9
        }
      },
      "40": {
        "start": {
          "line": 79,
          "column": 12
        },
        "end": {
          "line": 79,
          "column": 38
        }
      },
      "41": {
        "start": {
          "line": 81,
          "column": 27
        },
        "end": {
          "line": 81,
          "column": 180
        }
      },
      "42": {
        "start": {
          "line": 82,
          "column": 8
        },
        "end": {
          "line": 84,
          "column": 9
        }
      },
      "43": {
        "start": {
          "line": 83,
          "column": 12
        },
        "end": {
          "line": 83,
          "column": 39
        }
      },
      "44": {
        "start": {
          "line": 88,
          "column": 29
        },
        "end": {
          "line": 100,
          "column": 5
        }
      },
      "45": {
        "start": {
          "line": 89,
          "column": 8
        },
        "end": {
          "line": 91,
          "column": 9
        }
      },
      "46": {
        "start": {
          "line": 90,
          "column": 12
        },
        "end": {
          "line": 90,
          "column": 41
        }
      },
      "47": {
        "start": {
          "line": 93,
          "column": 8
        },
        "end": {
          "line": 95,
          "column": 9
        }
      },
      "48": {
        "start": {
          "line": 94,
          "column": 12
        },
        "end": {
          "line": 94,
          "column": 59
        }
      },
      "49": {
        "start": {
          "line": 97,
          "column": 8
        },
        "end": {
          "line": 99,
          "column": 9
        }
      },
      "50": {
        "start": {
          "line": 98,
          "column": 12
        },
        "end": {
          "line": 98,
          "column": 61
        }
      },
      "51": {
        "start": {
          "line": 103,
          "column": 4
        },
        "end": {
          "line": 160,
          "column": 6
        }
      },
      "52": {
        "start": {
          "line": 106,
          "column": 37
        },
        "end": {
          "line": 106,
          "column": 51
        }
      },
      "53": {
        "start": {
          "line": 115,
          "column": 41
        },
        "end": {
          "line": 115,
          "column": 64
        }
      },
      "54": {
        "start": {
          "line": 124,
          "column": 41
        },
        "end": {
          "line": 124,
          "column": 68
        }
      },
      "55": {
        "start": {
          "line": 133,
          "column": 41
        },
        "end": {
          "line": 133,
          "column": 65
        }
      },
      "56": {
        "start": {
          "line": 142,
          "column": 41
        },
        "end": {
          "line": 142,
          "column": 68
        }
      }
    },
    "fnMap": {
      "0": {
        "name": "(anonymous_0)",
        "decl": {
          "start": {
            "line": 6,
            "column": 16
          },
          "end": {
            "line": 6,
            "column": 17
          }
        },
        "loc": {
          "start": {
            "line": 6,
            "column": 34
          },
          "end": {
            "line": 161,
            "column": 1
          }
        },
        "line": 6
      },
      "1": {
        "name": "(anonymous_1)",
        "decl": {
          "start": {
            "line": 15,
            "column": 25
          },
          "end": {
            "line": 15,
            "column": 26
          }
        },
        "loc": {
          "start": {
            "line": 15,
            "column": 37
          },
          "end": {
            "line": 33,
            "column": 5
          }
        },
        "line": 15
      },
      "2": {
        "name": "(anonymous_2)",
        "decl": {
          "start": {
            "line": 35,
            "column": 21
          },
          "end": {
            "line": 35,
            "column": 22
          }
        },
        "loc": {
          "start": {
            "line": 35,
            "column": 27
          },
          "end": {
            "line": 55,
            "column": 5
          }
        },
        "line": 35
      },
      "3": {
        "name": "(anonymous_3)",
        "decl": {
          "start": {
            "line": 57,
            "column": 25
          },
          "end": {
            "line": 57,
            "column": 26
          }
        },
        "loc": {
          "start": {
            "line": 57,
            "column": 31
          },
          "end": {
            "line": 65,
            "column": 5
          }
        },
        "line": 57
      },
      "4": {
        "name": "(anonymous_4)",
        "decl": {
          "start": {
            "line": 67,
            "column": 29
          },
          "end": {
            "line": 67,
            "column": 30
          }
        },
        "loc": {
          "start": {
            "line": 67,
            "column": 35
          },
          "end": {
            "line": 75,
            "column": 5
          }
        },
        "line": 67
      },
      "5": {
        "name": "(anonymous_5)",
        "decl": {
          "start": {
            "line": 77,
            "column": 26
          },
          "end": {
            "line": 77,
            "column": 27
          }
        },
        "loc": {
          "start": {
            "line": 77,
            "column": 32
          },
          "end": {
            "line": 85,
            "column": 5
          }
        },
        "line": 77
      },
      "6": {
        "name": "(anonymous_6)",
        "decl": {
          "start": {
            "line": 88,
            "column": 29
          },
          "end": {
            "line": 88,
            "column": 30
          }
        },
        "loc": {
          "start": {
            "line": 88,
            "column": 35
          },
          "end": {
            "line": 100,
            "column": 5
          }
        },
        "line": 88
      },
      "7": {
        "name": "(anonymous_7)",
        "decl": {
          "start": {
            "line": 106,
            "column": 31
          },
          "end": {
            "line": 106,
            "column": 32
          }
        },
        "loc": {
          "start": {
            "line": 106,
            "column": 37
          },
          "end": {
            "line": 106,
            "column": 51
          }
        },
        "line": 106
      },
      "8": {
        "name": "(anonymous_8)",
        "decl": {
          "start": {
            "line": 115,
            "column": 34
          },
          "end": {
            "line": 115,
            "column": 35
          }
        },
        "loc": {
          "start": {
            "line": 115,
            "column": 41
          },
          "end": {
            "line": 115,
            "column": 64
          }
        },
        "line": 115
      },
      "9": {
        "name": "(anonymous_9)",
        "decl": {
          "start": {
            "line": 124,
            "column": 34
          },
          "end": {
            "line": 124,
            "column": 35
          }
        },
        "loc": {
          "start": {
            "line": 124,
            "column": 41
          },
          "end": {
            "line": 124,
            "column": 68
          }
        },
        "line": 124
      },
      "10": {
        "name": "(anonymous_10)",
        "decl": {
          "start": {
            "line": 133,
            "column": 34
          },
          "end": {
            "line": 133,
            "column": 35
          }
        },
        "loc": {
          "start": {
            "line": 133,
            "column": 41
          },
          "end": {
            "line": 133,
            "column": 65
          }
        },
        "line": 133
      },
      "11": {
        "name": "(anonymous_11)",
        "decl": {
          "start": {
            "line": 142,
            "column": 34
          },
          "end": {
            "line": 142,
            "column": 35
          }
        },
        "loc": {
          "start": {
            "line": 142,
            "column": 41
          },
          "end": {
            "line": 142,
            "column": 68
          }
        },
        "line": 142
      }
    },
    "branchMap": {
      "0": {
        "loc": {
          "start": {
            "line": 18,
            "column": 12
          },
          "end": {
            "line": 29,
            "column": 13
          }
        },
        "type": "if",
        "locations": [
          {
            "start": {
              "line": 18,
              "column": 12
            },
            "end": {
              "line": 29,
              "column": 13
            }
          },
          {
            "start": {},
            "end": {}
          }
        ],
        "line": 18
      },
      "1": {
        "loc": {
          "start": {
            "line": 37,
            "column": 8
          },
          "end": {
            "line": 39,
            "column": 9
          }
        },
        "type": "if",
        "locations": [
          {
            "start": {
              "line": 37,
              "column": 8
            },
            "end": {
              "line": 39,
              "column": 9
            }
          },
          {
            "start": {},
            "end": {}
          }
        ],
        "line": 37
      },
      "2": {
        "loc": {
          "start": {
            "line": 42,
            "column": 8
          },
          "end": {
            "line": 44,
            "column": 9
          }
        },
        "type": "if",
        "locations": [
          {
            "start": {
              "line": 42,
              "column": 8
            },
            "end": {
              "line": 44,
              "column": 9
            }
          },
          {
            "start": {},
            "end": {}
          }
        ],
        "line": 42
      },
      "3": {
        "loc": {
          "start": {
            "line": 47,
            "column": 8
          },
          "end": {
            "line": 49,
            "column": 9
          }
        },
        "type": "if",
        "locations": [
          {
            "start": {
              "line": 47,
              "column": 8
            },
            "end": {
              "line": 49,
              "column": 9
            }
          },
          {
            "start": {},
            "end": {}
          }
        ],
        "line": 47
      },
      "4": {
        "loc": {
          "start": {
            "line": 52,
            "column": 8
          },
          "end": {
            "line": 54,
            "column": 9
          }
        },
        "type": "if",
        "locations": [
          {
            "start": {
              "line": 52,
              "column": 8
            },
            "end": {
              "line": 54,
              "column": 9
            }
          },
          {
            "start": {},
            "end": {}
          }
        ],
        "line": 52
      },
      "5": {
        "loc": {
          "start": {
            "line": 58,
            "column": 8
          },
          "end": {
            "line": 60,
            "column": 9
          }
        },
        "type": "if",
        "locations": [
          {
            "start": {
              "line": 58,
              "column": 8
            },
            "end": {
              "line": 60,
              "column": 9
            }
          },
          {
            "start": {},
            "end": {}
          }
        ],
        "line": 58
      },
      "6": {
        "loc": {
          "start": {
            "line": 62,
            "column": 8
          },
          "end": {
            "line": 64,
            "column": 9
          }
        },
        "type": "if",
        "locations": [
          {
            "start": {
              "line": 62,
              "column": 8
            },
            "end": {
              "line": 64,
              "column": 9
            }
          },
          {
            "start": {},
            "end": {}
          }
        ],
        "line": 62
      },
      "7": {
        "loc": {
          "start": {
            "line": 68,
            "column": 8
          },
          "end": {
            "line": 70,
            "column": 9
          }
        },
        "type": "if",
        "locations": [
          {
            "start": {
              "line": 68,
              "column": 8
            },
            "end": {
              "line": 70,
              "column": 9
            }
          },
          {
            "start": {},
            "end": {}
          }
        ],
        "line": 68
      },
      "8": {
        "loc": {
          "start": {
            "line": 72,
            "column": 8
          },
          "end": {
            "line": 74,
            "column": 9
          }
        },
        "type": "if",
        "locations": [
          {
            "start": {
              "line": 72,
              "column": 8
            },
            "end": {
              "line": 74,
              "column": 9
            }
          },
          {
            "start": {},
            "end": {}
          }
        ],
        "line": 72
      },
      "9": {
        "loc": {
          "start": {
            "line": 78,
            "column": 8
          },
          "end": {
            "line": 80,
            "column": 9
          }
        },
        "type": "if",
        "locations": [
          {
            "start": {
              "line": 78,
              "column": 8
            },
            "end": {
              "line": 80,
              "column": 9
            }
          },
          {
            "start": {},
            "end": {}
          }
        ],
        "line": 78
      },
      "10": {
        "loc": {
          "start": {
            "line": 82,
            "column": 8
          },
          "end": {
            "line": 84,
            "column": 9
          }
        },
        "type": "if",
        "locations": [
          {
            "start": {
              "line": 82,
              "column": 8
            },
            "end": {
              "line": 84,
              "column": 9
            }
          },
          {
            "start": {},
            "end": {}
          }
        ],
        "line": 82
      },
      "11": {
        "loc": {
          "start": {
            "line": 89,
            "column": 8
          },
          "end": {
            "line": 91,
            "column": 9
          }
        },
        "type": "if",
        "locations": [
          {
            "start": {
              "line": 89,
              "column": 8
            },
            "end": {
              "line": 91,
              "column": 9
            }
          },
          {
            "start": {},
            "end": {}
          }
        ],
        "line": 89
      },
      "12": {
        "loc": {
          "start": {
            "line": 93,
            "column": 8
          },
          "end": {
            "line": 95,
            "column": 9
          }
        },
        "type": "if",
        "locations": [
          {
            "start": {
              "line": 93,
              "column": 8
            },
            "end": {
              "line": 95,
              "column": 9
            }
          },
          {
            "start": {},
            "end": {}
          }
        ],
        "line": 93
      },
      "13": {
        "loc": {
          "start": {
            "line": 97,
            "column": 8
          },
          "end": {
            "line": 99,
            "column": 9
          }
        },
        "type": "if",
        "locations": [
          {
            "start": {
              "line": 97,
              "column": 8
            },
            "end": {
              "line": 99,
              "column": 9
            }
          },
          {
            "start": {},
            "end": {}
          }
        ],
        "line": 97
      },
      "14": {
        "loc": {
          "start": {
            "line": 148,
            "column": 20
          },
          "end": {
            "line": 149,
            "column": 69
          }
        },
        "type": "cond-expr",
        "locations": [
          {
            "start": {
              "line": 149,
              "column": 24
            },
            "end": {
              "line": 149,
              "column": 62
            }
          },
          {
            "start": {
              "line": 149,
              "column": 65
            },
            "end": {
              "line": 149,
              "column": 69
            }
          }
        ],
        "line": 148
      }
    },
    "s": {
      "0": 9,
      "1": 287,
      "2": 287,
      "3": 287,
      "4": 287,
      "5": 287,
      "6": 287,
      "7": 7,
      "8": 7,
      "9": 7,
      "10": 7,
      "11": 7,
      "12": 2,
      "13": 2,
      "14": 4,
      "15": 287,
      "16": 7,
      "17": 7,
      "18": 2,
      "19": 5,
      "20": 5,
      "21": 0,
      "22": 5,
      "23": 5,
      "24": 4,
      "25": 1,
      "26": 1,
      "27": 0,
      "28": 287,
      "29": 7,
      "30": 2,
      "31": 5,
      "32": 0,
      "33": 287,
      "34": 5,
      "35": 0,
      "36": 5,
      "37": 0,
      "38": 287,
      "39": 1,
      "40": 0,
      "41": 1,
      "42": 1,
      "43": 0,
      "44": 287,
      "45": 5,
      "46": 0,
      "47": 5,
      "48": 2,
      "49": 3,
      "50": 2,
      "51": 287,
      "52": 0,
      "53": 65,
      "54": 65,
      "55": 85,
      "56": 58
    },
    "f": {
      "0": 287,
      "1": 7,
      "2": 7,
      "3": 7,
      "4": 5,
      "5": 1,
      "6": 5,
      "7": 0,
      "8": 65,
      "9": 65,
      "10": 85,
      "11": 58
    },
    "b": {
      "0": [
        7,
        0
      ],
      "1": [
        2,
        5
      ],
      "2": [
        0,
        5
      ],
      "3": [
        4,
        1
      ],
      "4": [
        0,
        1
      ],
      "5": [
        2,
        5
      ],
      "6": [
        0,
        5
      ],
      "7": [
        0,
        5
      ],
      "8": [
        0,
        5
      ],
      "9": [
        0,
        1
      ],
      "10": [
        0,
        1
      ],
      "11": [
        0,
        5
      ],
      "12": [
        2,
        3
      ],
      "13": [
        2,
        1
[...]
          "column": 38
        },
        "end": {
          "line": 16,
          "column": 48
        }
      },
      "3": {
        "start": {
          "line": 17,
          "column": 26
        },
        "end": {
          "line": 17,
          "column": 41
        }
      },
      "4": {
        "start": {
          "line": 18,
          "column": 26
        },
        "end": {
          "line": 18,
          "column": 41
        }
      },
      "5": {
        "start": {
          "line": 19,
          "column": 17
        },
        "end": {
          "line": 19,
          "column": 27
        }
      },
      "6": {
        "start": {
          "line": 20,
          "column": 19
        },
        "end": {
          "line": 20,
          "column": 24
        }
      },
      "7": {
        "start": {
          "line": 21,
          "column": 16
        },
        "end": {
          "line": 21,
          "column": 38
        }
      },
      "8": {
        "start": {
          "line": 22,
          "column": 19
        },
        "end": {
          "line": 22,
          "column": 32
        }
      },
      "9": {
        "start": {
          "line": 23,
          "column": 17
        },
        "end": {
          "line": 23,
          "column": 28
        }
      },
      "10": {
        "start": {
          "line": 25,
          "column": 22
        },
        "end": {
          "line": 35,
          "column": 3
        }
      },
      "11": {
        "start": {
          "line": 26,
          "column": 4
        },
        "end": {
          "line": 34,
          "column": 5
        }
      },
      "12": {
        "start": {
          "line": 27,
          "column": 18
        },
        "end": {
          "line": 27,
          "column": 76
        }
      },
      "13": {
        "start": {
          "line": 28,
          "column": 6
        },
        "end": {
          "line": 31,
          "column": 7
        }
      },
      "14": {
        "start": {
          "line": 29,
          "column": 8
        },
        "end": {
          "line": 29,
          "column": 26
        }
      },
      "15": {
        "start": {
          "line": 30,
          "column": 8
        },
        "end": {
          "line": 30,
          "column": 47
        }
      },
      "16": {
        "start": {
          "line": 33,
          "column": 6
        },
        "end": {
          "line": 33,
          "column": 23
        }
      },
      "17": {
        "start": {
          "line": 38,
          "column": 24
        },
        "end": {
          "line": 92,
          "column": 3
        }
      },
      "18": {
        "start": {
          "line": 41,
          "column": 47
        },
        "end": {
          "line": 41,
          "column": 71
        }
      },
      "19": {
        "start": {
          "line": 43,
          "column": 4
        },
        "end": {
          "line": 51,
          "column": 32
        }
      },
      "20": {
        "start": {
          "line": 44,
          "column": 6
        },
        "end": {
          "line": 50,
          "column": 9
        }
      },
      "21": {
        "start": {
          "line": 53,
          "column": 4
        },
        "end": {
          "line": 91,
          "column": 6
        }
      },
      "22": {
        "start": {
          "line": 62,
          "column": 12
        },
        "end": {
          "line": 76,
          "column": 17
        }
      },
      "23": {
        "start": {
          "line": 75,
          "column": 16
        },
        "end": {
          "line": 75,
          "column": 31
        }
      },
      "24": {
        "start": {
          "line": 79,
          "column": 12
        },
        "end": {
          "line": 87,
          "column": 15
        }
      },
      "25": {
        "start": {
          "line": 80,
          "column": 31
        },
        "end": {
          "line": 80,
          "column": 65
        }
      },
      "26": {
        "start": {
          "line": 81,
          "column": 14
        },
        "end": {
          "line": 86,
          "column": 17
        }
      },
      "27": {
        "start": {
          "line": 94,
          "column": 2
        },
        "end": {
          "line": 192,
          "column": 4
        }
      },
      "28": {
        "start": {
          "line": 110,
          "column": 14
        },
        "end": {
          "line": 145,
          "column": 19
        }
      },
      "29": {
        "start": {
          "line": 130,
          "column": 22
        },
        "end": {
          "line": 130,
          "column": 65
        }
      },
      "30": {
        "start": {
          "line": 166,
          "column": 31
        },
        "end": {
          "line": 166,
          "column": 44
        }
      },
      "31": {
        "start": {
          "line": 184,
          "column": 35
        },
        "end": {
          "line": 184,
          "column": 48
        }
      }
    },
    "fnMap": {
      "0": {
        "name": "(anonymous_0)",
        "decl": {
          "start": {
            "line": 15,
            "column": 13
          },
          "end": {
            "line": 15,
            "column": 14
          }
        },
        "loc": {
          "start": {
            "line": 15,
            "column": 19
          },
          "end": {
            "line": 193,
            "column": 1
          }
        },
        "line": 15
      },
      "1": {
        "name": "(anonymous_1)",
        "decl": {
          "start": {
            "line": 16,
            "column": 27
          },
          "end": {
            "line": 16,
            "column": 28
          }
        },
        "loc": {
          "start": {
            "line": 16,
            "column": 38
          },
          "end": {
            "line": 16,
            "column": 48
          }
        },
        "line": 16
      },
      "2": {
        "name": "(anonymous_2)",
        "decl": {
          "start": {
            "line": 25,
            "column": 22
          },
          "end": {
            "line": 25,
            "column": 23
          }
        },
        "loc": {
          "start": {
            "line": 25,
            "column": 38
          },
          "end": {
            "line": 35,
            "column": 3
          }
        },
        "line": 25
      },
      "3": {
        "name": "(anonymous_3)",
        "decl": {
          "start": {
            "line": 38,
            "column": 24
          },
          "end": {
            "line": 38,
            "column": 25
          }
        },
        "loc": {
          "start": {
            "line": 38,
            "column": 55
          },
          "end": {
            "line": 92,
            "column": 3
          }
        },
        "line": 38
      },
      "4": {
        "name": "(anonymous_4)",
        "decl": {
          "start": {
            "line": 43,
            "column": 14
          },
          "end": {
            "line": 43,
            "column": 15
          }
        },
        "loc": {
          "start": {
            "line": 43,
            "column": 20
          },
          "end": {
            "line": 51,
            "column": 5
          }
        },
        "line": 43
      },
      "5": {
        "name": "(anonymous_5)",
        "decl": {
          "start": {
            "line": 61,
            "column": 23
          },
          "end": {
            "line": 61,
            "column": 24
          }
        },
        "loc": {
          "start": {
            "line": 61,
            "column": 42
          },
          "end": {
            "line": 77,
            "column": 11
          }
        },
        "line": 61
      },
      "6": {
        "name": "(anonymous_6)",
        "decl": {
          "start": {
            "line": 73,
            "column": 20
          },
          "end": {
            "line": 73,
            "column": 21
          }
        },
        "loc": {
          "start": {
            "line": 73,
            "column": 33
          },
          "end": {
            "line": 76,
            "column": 15
          }
        },
        "line": 73
      },
      "7": {
        "name": "(anonymous_7)",
        "decl": {
          "start": {
            "line": 78,
            "column": 21
          },
          "end": {
            "line": 78,
            "column": 22
          }
        },
        "loc": {
          "start": {
            "line": 78,
            "column": 46
          },
          "end": {
            "line": 88,
            "column": 11
          }
        },
        "line": 78
      },
      "8": {
        "name": "(anonymous_8)",
        "decl": {
          "start": {
            "line": 79,
            "column": 48
          },
          "end": {
            "line": 79,
            "column": 49
          }
        },
        "loc": {
          "start": {
            "line": 79,
            "column": 67
          },
          "end": {
            "line": 87,
            "column": 13
          }
        },
        "line": 79
      },
      "9": {
        "name": "(anonymous_9)",
        "decl": {
          "start": {
            "line": 109,
            "column": 31
          },
          "end": {
            "line": 109,
            "column": 32
          }
        },
        "loc": {
          "start": {
            "line": 110,
            "column": 14
          },
          "end": {
            "line": 145,
            "column": 19
          }
        },
        "line": 110
      },
      "10": {
        "name": "(anonymous_10)",
        "decl": {
          "start": {
            "line": 129,
            "column": 40
          },
          "end": {
            "line": 129,
            "column": 41
          }
        },
        "loc": {
          "start": {
            "line": 130,
            "column": 22
          },
          "end": {
            "line": 130,
            "column": 65
          }
        },
        "line": 130
      },
      "11": {
        "name": "(anonymous_11)",
        "decl": {
          "start": {
            "line": 166,
            "column": 25
          },
          "end": {
            "line": 166,
            "column": 26
          }
        },
        "loc": {
          "start": {
            "line": 166,
            "column": 31
          },
          "end": {
            "line": 166,
            "column": 44
          }
        },
        "line": 166
      },
      "12": {
        "name": "(anonymous_12)",
        "decl": {
          "start": {
            "line": 184,
            "column": 29
          },
          "end": {
            "line": 184,
            "column": 30
          }
        },
        "loc": {
          "start": {
            "line": 184,
            "column": 35
          },
          "end": {
            "line": 184,
            "column": 48
          }
        },
        "line": 184
      }
    },
    "branchMap": {
      "0": {
        "loc": {
          "start": {
            "line": 28,
            "column": 6
          },
          "end": {
            "line": 31,
            "column": 7
          }
        },
        "type": "if",
        "locations": [
          {
            "start": {
              "line": 28,
              "column": 6
            },
            "end": {
              "line": 31,
              "column": 7
            }
          },
          {
            "start": {},
            "end": {}
          }
        ],
        "line": 28
      },
      "1": {
        "loc": {
          "start": {
            "line": 55,
            "column": 9
          },
          "end": {
            "line": 55,
            "column": 64
          }
        },
        "type": "binary-expr",
        "locations": [
          {
            "start": {
              "line": 55,
              "column": 9
            },
            "end": {
              "line": 55,
              "column": 20
            }
          },
          {
            "start": {
              "line": 55,
              "column": 24
            },
            "end": {
              "line": 55,
              "column": 33
            }
          },
          {
            "start": {
              "line": 55,
              "column": 37
            },
            "end": {
              "line": 55,
              "column": 64
            }
          }
        ],
        "line": 55
      },
      "2": {
        "loc": {
          "start": {
            "line": 162,
            "column": 11
          },
          "end": {
            "line": 187,
            "column": 11
          }
        },
        "type": "cond-expr",
        "locations": [
          {
            "start": {
              "line": 163,
              "column": 12
            },
            "end": {
              "line": 182,
              "column": 18
            }
          },
          {
            "start": {
              "line": 184,
              "column": 12
            },
            "end": {
              "line": 186,
              "column": 21
            }
          }
        ],
        "line": 162
      },
      "3": {
        "loc": {
          "start": {
            "line": 190,
            "column": 7
          },
          "end": {
            "line": 190,
            "column": 75
          }
        },
        "type": "binary-expr",
        "locations": [
          {
            "start": {
              "line": 190,
              "column": 7
            },
            "end": {
              "line": 190,
              "column": 11
            }
          },
          {
            "start": {
              "line": 190,
              "column": 15
            },
            "end": {
              "line": 190,
              "column": 75
            }
          }
        ],
        "line": 190
      }
    },
    "s": {
      "0": 19,
      "1": 66,
      "2": 51,
      "3": 47,
      "4": 47,
      "5": 47,
      "6": 47,
      "7": 47,
      "8": 47,
      "9": 47,
      "10": 47,
      "11": 7,
      "12": 7,
      "13": 4,
      "14": 4,
      "15": 4,
      "16": 0,
      "17": 47,
      "18": 63,
      "19": 63,
      "20": 28,
      "21": 63,
      "22": 0,
      "23": 0,
      "24": 0,
      "25": 0,
      "26": 0,
      "27": 47,
      "28": 45,
      "29": 0,
      "30": 11,
      "31": 13
    },
    "f": {
      "0": 66,
      "1": 51,
      "2": 7,
      "3": 63,
      "4": 28,
      "5": 0,
      "6": 0,
      "7": 0,
      "8": 0,
      "9": 45,
      "10": 0,
      "11": 11,
      "12": 13
    },
    "b": {
      "0": [
        4,
        0
      ],
      "1": [
        63,
        0,
        0
      ],
      "2": [
        28,
        19
      ],
      "3": [
        47,
        15
      ]
    },
    "_coverageSchema": "1a1c01bbd47fc00a2c39e90264f33305004495a9",
    "hash": "6edb7d65fbc691033c5fb8cf7790a36eefda0f02"
  },
  "C:\\Users\\yabsr\\Desktop\\Experiments\\next-food-ordering\\pages\\orders\\[id].jsx": {
    "path": "C:\\Users\\yabsr\\Desktop\\Experiments\\next-food-ordering\\pages\\orders\\[id].jsx",
    "statementMap": {
      "0": {
        "start": {
          "line": 5,
          "column": 14
        },
        "end": {
          "line": 114,
          "column": 1
        }
      },
      "1": {
        "start": {
          "line": 6,
          "column": 17
        },
        "end": {
          "line": 6,
          "column": 29
        }
      },
      "2": {
        "start": {
          "line": 8,
          "column": 22
        },
        "end": {
          "line": 12,
          "column": 3
        }
      },
      "3": {
        "start": {
          "line": 9,
          "column": 4
        },
        "end": {
          "line": 9,
          "column": 47
        }
      },
      "4": {
        "start": {
          "line": 9,
          "column": 28
        },
        "end": {
          "line": 9,
          "column": 47
        }
      },
      "5": {
        "start": {
          "line": 10,
          "column": 4
        },
        "end": {
          "line": 10,
          "column": 55
        }
      },
      "6": {
        "start": {
          "line": 10,
          "column": 30
        },
        "end": {
          "line": 10,
          "column": 55
        }
      },
      "7": {
        "start": {
          "line": 11,
          "column": 4
        },
        "end": {
          "line": 11,
          "column": 49
        }
      },
      "8": {
        "start": {
          "line": 11,
          "column": 28
        },
        "end": {
          "line": 11,
          "column": 49
        }
      },
      "9": {
        "start": {
          "line": 13,
          "column": 2
        },
        "end": {
          "line": 113,
          "column": 4
        }
      }
    },
    "fnMap": {
      "0": {
        "name": "(anonymous_0)",
        "decl": {
          "start": {
            "line": 5,
            "column": 14
          },
          "end": {
            "line": 5,
            "column": 15
          }
        },
        "loc": {
          "start": {
            "line": 5,
            "column": 29
          },
          "end": {
            "line": 114,
            "column": 1
          }
        },
        "line": 5
      },
      "1": {
        "name": "(anonymous_1)",
        "decl": {
          "start": {
            "line": 8,
            "column": 22
          },
          "end": {
            "line": 8,
            "column": 23
          }
        },
        "loc": {
          "start": {
            "line": 8,
            "column": 33
          },
          "end": {
            "line": 12,
            "column": 3
          }
        },
        "line": 8
      }
    },
    "branchMap": {
      "0": {
        "loc": {
          "start": {
            "line": 9,
            "column": 4
          },
          "end": {
            "line": 9,
            "column": 47
          }
        },
        "type": "if",
        "locations": [
          {
            "start": {
              "line": 9,
              "column": 4
            },
            "end": {
              "line": 9,
              "column": 47
            }
          },
          {
            "start": {},
            "end": {}
          }
        ],
        "line": 9
      },
      "1": {
        "loc": {
          "start": {
            "line": 10,
            "column": 4
          },
          "end": {
            "line": 10,
            "column": 55
          }
        },
        "type": "if",
        "locations": [
          {
            "start": {
              "line": 10,
              "column": 4
            },
            "end": {
              "line": 10,
              "column": 55
            }
          },
          {
            "start": {},
            "end": {}
          }
        ],
        "line": 10
      },
      "2": {
        "loc": {
          "start": {
            "line": 11,
            "column": 4
          },
          "end": {
            "line": 11,
            "column": 49
          }
        },
        "type": "if",
        "locations": [
          {
            "start": {
              "line": 11,
              "column": 4
            },
            "end": {
              "line": 11,
              "column": 49
            }
          },
          {
            "start": {},
            "end": {}
          }
        ],
        "line": 11
      }
    },
    "s": {
      "0": 4,
      "1": 4,
      "2": 4,
      "3": 16,
      "4": 4,
      "5": 12,
      "6": 4,
      "7": 8,
      "8": 8,
      "9": 4
    },
    "f": {
      "0": 4,
      "1": 16
    },
    "b": {
      "0": [
        4,
        12
      ],
      "1": [
        4,
        8
      ],
      "2": [
        8,
        0
      ]
    },
    "_coverageSchema": "1a1c01bbd47fc00a2c39e90264f33305004495a9",
    "hash": "956c0dad3e2126694959c97fa13234d83cfe0094"
  }
}